c:\users\const\onedrive\desktop\ember\ember\x64\release\vc143.pdb
c:\users\const\onedrive\desktop\ember\ember\x64\release\imgui.obj
c:\users\const\onedrive\desktop\ember\ember\x64\release\vertexbuffer.obj
c:\users\const\onedrive\desktop\ember\ember\x64\release\vertexarray.obj
c:\users\const\onedrive\desktop\ember\ember\x64\release\texture.obj
c:\users\const\onedrive\desktop\ember\ember\x64\release\shader.obj
c:\users\const\onedrive\desktop\ember\ember\x64\release\scene.obj
c:\users\const\onedrive\desktop\ember\ember\x64\release\renderer.obj
c:\users\const\onedrive\desktop\ember\ember\x64\release\mesh.obj
c:\users\const\onedrive\desktop\ember\ember\x64\release\material.obj
c:\users\const\onedrive\desktop\ember\ember\x64\release\indexbuffer.obj
c:\users\const\onedrive\desktop\ember\ember\x64\release\geometry.obj
c:\users\const\onedrive\desktop\ember\ember\x64\release\camera.obj
c:\users\const\onedrive\desktop\ember\ember\x64\release\window.obj
c:\users\const\onedrive\desktop\ember\ember\x64\release\layerstack.obj
c:\users\const\onedrive\desktop\ember\ember\x64\release\layer.obj
c:\users\const\onedrive\desktop\ember\ember\x64\release\callbacks.obj
c:\users\const\onedrive\desktop\ember\ember\x64\release\application.obj
c:\users\const\onedrive\desktop\ember\ember\x64\release\testlayer.obj
c:\users\const\onedrive\desktop\ember\ember\x64\release\main.obj
c:\users\const\onedrive\desktop\ember\ember\x64\release\glm.obj
c:\users\const\onedrive\desktop\ember\ember\x64\release\imgui_widgets.obj
c:\users\const\onedrive\desktop\ember\ember\x64\release\imgui_tables.obj
c:\users\const\onedrive\desktop\ember\ember\x64\release\imgui_impl_opengl3.obj
c:\users\const\onedrive\desktop\ember\ember\x64\release\imgui_impl_glfw.obj
c:\users\const\onedrive\desktop\ember\ember\x64\release\imgui_draw.obj
c:\users\const\onedrive\desktop\ember\ember\x64\release\imgui_demo.obj
c:\users\const\onedrive\desktop\ember\ember\x64\release\ember.ipdb
c:\users\const\onedrive\desktop\ember\ember\x64\release\ember.iobj
c:\users\const\onedrive\desktop\ember\x64\release\ember.pdb
c:\users\const\onedrive\desktop\ember\ember\x64\release\ember.tlog\cl.command.1.tlog
c:\users\const\onedrive\desktop\ember\ember\x64\release\ember.tlog\cl.read.1.tlog
c:\users\const\onedrive\desktop\ember\ember\x64\release\ember.tlog\cl.write.1.tlog
c:\users\const\onedrive\desktop\ember\ember\x64\release\ember.tlog\link.command.1.tlog
c:\users\const\onedrive\desktop\ember\ember\x64\release\ember.tlog\link.read.1.tlog
c:\users\const\onedrive\desktop\ember\ember\x64\release\ember.tlog\link.write.1.tlog
