c:\users\const\onedrive\desktop\ember\engine\libs\bin-int\debug\debug\glfw\context.obj
c:\users\const\onedrive\desktop\ember\engine\libs\bin-int\debug\debug\glfw\window.obj
c:\users\const\onedrive\desktop\ember\engine\libs\bin-int\debug\debug\glfw\win32_monitor.obj
c:\users\const\onedrive\desktop\ember\engine\libs\bin-int\debug\debug\glfw\win32_window.obj
c:\users\const\onedrive\desktop\ember\engine\libs\bin-int\debug\debug\glfw\win32_joystick.obj
c:\users\const\onedrive\desktop\ember\engine\libs\bin-int\debug\debug\glfw\vulkan.obj
c:\users\const\onedrive\desktop\ember\engine\libs\bin-int\debug\debug\glfw\win32_init.obj
c:\users\const\onedrive\desktop\ember\engine\libs\bin-int\debug\debug\glfw\monitor.obj
c:\users\const\onedrive\desktop\ember\engine\libs\bin-int\debug\debug\glfw\wgl_context.obj
c:\users\const\onedrive\desktop\ember\engine\libs\bin-int\debug\debug\glfw\win32_thread.obj
c:\users\const\onedrive\desktop\ember\engine\libs\bin-int\debug\debug\glfw\input.obj
c:\users\const\onedrive\desktop\ember\engine\libs\bin-int\debug\debug\glfw\init.obj
c:\users\const\onedrive\desktop\ember\engine\libs\bin-int\debug\debug\glfw\win32_time.obj
c:\users\const\onedrive\desktop\ember\engine\libs\bin-int\debug\debug\glfw\egl_context.obj
c:\users\const\onedrive\desktop\ember\engine\libs\bin-int\debug\debug\glfw\osmesa_context.obj
c:\users\const\onedrive\desktop\ember\engine\libs\bin\debug\glfw.pdb
c:\users\const\onedrive\desktop\ember\engine\libs\bin\debug\glfw.lib
c:\users\const\onedrive\desktop\ember\engine\libs\bin-int\debug\debug\glfw\glfw.tlog\cl.10160.write.1.tlog
c:\users\const\onedrive\desktop\ember\engine\libs\bin-int\debug\debug\glfw\glfw.tlog\cl.command.1.tlog
c:\users\const\onedrive\desktop\ember\engine\libs\bin-int\debug\debug\glfw\glfw.tlog\cl.read.1.tlog
c:\users\const\onedrive\desktop\ember\engine\libs\bin-int\debug\debug\glfw\glfw.tlog\lib-link.read.1.tlog
c:\users\const\onedrive\desktop\ember\engine\libs\bin-int\debug\debug\glfw\glfw.tlog\lib-link.write.1.tlog
c:\users\const\onedrive\desktop\ember\engine\libs\bin-int\debug\debug\glfw\glfw.tlog\lib.command.1.tlog
