c:\users\const\onedrive\desktop\ember\ember\x64\debug\vc143.pdb
c:\users\const\onedrive\desktop\ember\ember\x64\debug\vc143.idb
c:\users\const\onedrive\desktop\ember\ember\x64\debug\imgui.obj
c:\users\const\onedrive\desktop\ember\ember\x64\debug\vertexbuffer.obj
c:\users\const\onedrive\desktop\ember\ember\x64\debug\vertexarray.obj
c:\users\const\onedrive\desktop\ember\ember\x64\debug\texture.obj
c:\users\const\onedrive\desktop\ember\ember\x64\debug\shader.obj
c:\users\const\onedrive\desktop\ember\ember\x64\debug\scene.obj
c:\users\const\onedrive\desktop\ember\ember\x64\debug\renderer.obj
c:\users\const\onedrive\desktop\ember\ember\x64\debug\mesh.obj
c:\users\const\onedrive\desktop\ember\ember\x64\debug\material.obj
c:\users\const\onedrive\desktop\ember\ember\x64\debug\indexbuffer.obj
c:\users\const\onedrive\desktop\ember\ember\x64\debug\geometry.obj
c:\users\const\onedrive\desktop\ember\ember\x64\debug\camera.obj
c:\users\const\onedrive\desktop\ember\ember\x64\debug\window.obj
c:\users\const\onedrive\desktop\ember\ember\x64\debug\layerstack.obj
c:\users\const\onedrive\desktop\ember\ember\x64\debug\layer.obj
c:\users\const\onedrive\desktop\ember\ember\x64\debug\callbacks.obj
c:\users\const\onedrive\desktop\ember\ember\x64\debug\application.obj
c:\users\const\onedrive\desktop\ember\ember\x64\debug\testlayer.obj
c:\users\const\onedrive\desktop\ember\ember\x64\debug\main.obj
c:\users\const\onedrive\desktop\ember\ember\x64\debug\glm.obj
c:\users\const\onedrive\desktop\ember\ember\x64\debug\imgui_widgets.obj
c:\users\const\onedrive\desktop\ember\ember\x64\debug\imgui_tables.obj
c:\users\const\onedrive\desktop\ember\ember\x64\debug\imgui_impl_opengl3.obj
c:\users\const\onedrive\desktop\ember\ember\x64\debug\imgui_impl_glfw.obj
c:\users\const\onedrive\desktop\ember\ember\x64\debug\imgui_draw.obj
c:\users\const\onedrive\desktop\ember\ember\x64\debug\imgui_demo.obj
c:\users\const\onedrive\desktop\ember\ember\x64\debug\ember.ilk
c:\users\const\onedrive\desktop\ember\x64\debug\ember.exe
c:\users\const\onedrive\desktop\ember\x64\debug\ember.pdb
c:\users\const\onedrive\desktop\ember\ember\x64\debug\ember.tlog\cl.command.1.tlog
c:\users\const\onedrive\desktop\ember\ember\x64\debug\ember.tlog\cl.read.1.tlog
c:\users\const\onedrive\desktop\ember\ember\x64\debug\ember.tlog\cl.write.1.tlog
c:\users\const\onedrive\desktop\ember\ember\x64\debug\ember.tlog\link.command.1.tlog
c:\users\const\onedrive\desktop\ember\ember\x64\debug\ember.tlog\link.read.1.tlog
c:\users\const\onedrive\desktop\ember\ember\x64\debug\ember.tlog\link.write.1.tlog
