  main.cpp
C:\Users\const\OneDrive\Desktop\Ember\Ember\Src\Core\AllocationMetrics.h(27,47): warning C4267: '+=': conversion from 'size_t' to 'int32_t', possible loss of data
C:\Users\const\OneDrive\Desktop\Ember\Ember\Src\Core\AllocationMetrics.h(34,43): warning C4267: '+=': conversion from 'size_t' to 'int32_t', possible loss of data
  TestLayer.cpp
  Application.cpp
  Callbacks.cpp
  Callbacks.h
  Layer.cpp
  Layerstack.cpp
C:\Users\const\OneDrive\Desktop\Ember\Ember\Src\Core\Layerstack.cpp(36,27): warning C4267: 'return': conversion from 'size_t' to 'int8_t', possible loss of data
C:\Users\const\OneDrive\Desktop\Ember\Ember\Src\Core\Layerstack.cpp(41,5): warning C4267: 'initializing': conversion from 'size_t' to 'int8_t', possible loss of data
  Window.cpp
  Camera.cpp
  Geometry.cpp
  IndexBuffer.cpp
  Material.cpp
  Mesh.cpp
C:\Users\const\OneDrive\Desktop\Ember\Ember\Src\Graphics\Mesh.cpp(7,144): warning C4267: 'argument': conversion from 'size_t' to 'uint32_t', possible loss of data
C:\Users\const\OneDrive\Desktop\Ember\Ember\Src\Graphics\Mesh.cpp(12,130): warning C4267: 'argument': conversion from 'size_t' to 'uint32_t', possible loss of data
C:\Users\const\OneDrive\Desktop\Ember\Ember\Src\Graphics\Mesh.cpp(17,126): warning C4267: 'argument': conversion from 'size_t' to 'uint32_t', possible loss of data
  Renderer.cpp
  Scene.cpp
  Shader.cpp
  Texture.cpp
  VertexArray.cpp
  VertexBuffer.cpp
  imgui.cpp
  Generating Code...
  Compiling...
  imgui_demo.cpp
  imgui_draw.cpp
  imgui_impl_glfw.cpp
  imgui_impl_opengl3.cpp
  imgui_tables.cpp
  imgui_widgets.cpp
  glm.cpp
  Generating Code...
x64\Debug\Callbacks.obj : warning LNK4042: object specified more than once; extras ignored
glew32s.lib(glew.obj) : warning LNK4099: PDB 'vc120.pdb' was not found with 'glew32s.lib(glew.obj)' or at 'C:\Users\const\OneDrive\Desktop\Ember\x64\Debug\vc120.pdb'; linking object as if no debug info
LINK : warning LNK4098: defaultlib 'MSVCRT' conflicts with use of other libs; use /NODEFAULTLIB:library
LINK : warning LNK4098: defaultlib 'LIBCMT' conflicts with use of other libs; use /NODEFAULTLIB:library
  Ember.vcxproj -> C:\Users\const\OneDrive\Desktop\Ember\x64\Debug\Ember.exe
